<?xml version="1.0" encoding="UTF-8"?>
<!-- Generated by org.testng.reporters.JUnitXMLReporter -->
<testsuite hostname="IITC-WS-QA02" name="Create Print Calculator" tests="3" failures="0" timestamp="18 Dec 2017 11:44:12 GMT" time="122.847" errors="0">
  <testcase name="createNewEstimate" time="51.525" classname="testCasesPrintCalculator.TC02_PrintCalculator"/>
  <testcase name="printCalculatorAdd" time="62.94" classname="testCasesPrintCalculator.TC02_PrintCalculator"/>
  <testcase name="cutcost" time="8.369" classname="testCasesPrintCalculator.TC02_PrintCalculator"/>
</testsuite> <!-- Create Print Calculator -->
