<?xml version="1.0" encoding="UTF-8"?>
<testng-results skipped="0" failed="0" total="2" passed="2">
  <reporter-output>
  </reporter-output>
  <suite name="Default suite" duration-ms="38155" started-at="2019-09-23T14:36:18Z" finished-at="2019-09-23T14:36:56Z">
    <groups>
    </groups>
    <test name="Default test" duration-ms="38155" started-at="2019-09-23T14:36:18Z" finished-at="2019-09-23T14:36:56Z">
      <class name="SampleDataDrivenTestNg">
        <test-method status="PASS" signature="openBrowser()[pri:0, instance:SampleDataDrivenTestNg@4566e5bd]" name="openBrowser" is-config="true" duration-ms="4772" started-at="2019-09-23T20:06:18Z" finished-at="2019-09-23T20:06:23Z">
          <reporter-output>
          </reporter-output>
        </test-method> <!-- openBrowser -->
        <test-method status="PASS" signature="loginTest(java.lang.String, java.lang.String)[pri:1, instance:SampleDataDrivenTestNg@4566e5bd]" name="loginTest" duration-ms="12846" started-at="2019-09-23T20:06:23Z" data-provider="getPRTestData" finished-at="2019-09-23T20:06:36Z">
          <params>
            <param index="0">
              <value>
                <![CDATA[vsuser]]>
              </value>
            </param>
            <param index="1">
              <value>
                <![CDATA[Govirtual~1]]>
              </value>
            </param>
          </params>
          <reporter-output>
          </reporter-output>
        </test-method> <!-- loginTest -->
        <test-method status="PASS" signature="tearDown()[pri:0, instance:SampleDataDrivenTestNg@4566e5bd]" name="tearDown" is-config="true" duration-ms="891" started-at="2019-09-23T20:06:36Z" finished-at="2019-09-23T20:06:37Z">
          <reporter-output>
          </reporter-output>
        </test-method> <!-- tearDown -->
        <test-method status="PASS" signature="openBrowser()[pri:0, instance:SampleDataDrivenTestNg@4566e5bd]" name="openBrowser" is-config="true" duration-ms="3862" started-at="2019-09-23T20:06:37Z" finished-at="2019-09-23T20:06:41Z">
          <reporter-output>
          </reporter-output>
        </test-method> <!-- openBrowser -->
        <test-method status="PASS" signature="loginTest(java.lang.String, java.lang.String)[pri:1, instance:SampleDataDrivenTestNg@4566e5bd]" name="loginTest" duration-ms="14461" started-at="2019-09-23T20:06:41Z" data-provider="getPRTestData" finished-at="2019-09-23T20:06:55Z">
          <params>
            <param index="0">
              <value>
                <![CDATA[ssingh]]>
              </value>
            </param>
            <param index="1">
              <value>
                <![CDATA[intel@01]]>
              </value>
            </param>
          </params>
          <reporter-output>
          </reporter-output>
        </test-method> <!-- loginTest -->
        <test-method status="PASS" signature="tearDown()[pri:0, instance:SampleDataDrivenTestNg@4566e5bd]" name="tearDown" is-config="true" duration-ms="726" started-at="2019-09-23T20:06:55Z" finished-at="2019-09-23T20:06:56Z">
          <reporter-output>
          </reporter-output>
        </test-method> <!-- tearDown -->
      </class> <!-- SampleDataDrivenTestNg -->
    </test> <!-- Default test -->
  </suite> <!-- Default suite -->
</testng-results>
