<?xml version="1.0" encoding="UTF-8"?>
<!-- Generated by org.testng.reporters.JUnitXMLReporter -->
<testsuite hostname="IITC-WS-QA02" name="Default test" tests="3" failures="0" timestamp="26 Sep 2019 06:43:55 GMT" time="13.18" errors="0">
  <testcase name="validateLoginPageTitleTest" time="0.022" classname="com.qa.printreach.test.LoginPageTest"/>
  <testcase name="validateLoginPageImageTest" time="3.124" classname="com.qa.printreach.test.LoginPageTest"/>
  <testcase name="validateLoginPageTest" time="0.0" classname="com.qa.printreach.test.LoginPageTest">
    <skipped/>
  </testcase> <!-- validateLoginPageTest -->
</testsuite> <!-- Default test -->
