<?xml version="1.0" encoding="UTF-8"?>
<testng-results skipped="0" failed="0" total="2" passed="2">
  <reporter-output>
  </reporter-output>
  <suite name="Default suite" duration-ms="40345" started-at="2019-09-25T13:47:56Z" finished-at="2019-09-25T13:48:36Z">
    <groups>
    </groups>
    <test name="Default test" duration-ms="40345" started-at="2019-09-25T13:47:56Z" finished-at="2019-09-25T13:48:36Z">
      <class name="com.qa.shopfloor.test.SPLoginPageTest">
        <test-method status="PASS" signature="setUp()[pri:0, instance:com.qa.shopfloor.test.SPLoginPageTest@6ea12c19]" name="setUp" is-config="true" duration-ms="7797" started-at="2019-09-25T19:17:56Z" finished-at="2019-09-25T19:18:04Z">
          <reporter-output>
          </reporter-output>
        </test-method> <!-- setUp -->
        <test-method status="PASS" signature="LoginTest(java.lang.String, java.lang.String, java.lang.String)[pri:1, instance:com.qa.shopfloor.test.SPLoginPageTest@6ea12c19]" name="LoginTest" duration-ms="15196" started-at="2019-09-25T19:18:04Z" data-provider="SPLoginData" finished-at="2019-09-25T19:18:19Z">
          <params>
            <param index="0">
              <value>
                <![CDATA[http://shopfloorqa.vsmidnight.com]]>
              </value>
            </param>
            <param index="1">
              <value>
                <![CDATA[shopfloor1]]>
              </value>
            </param>
            <param index="2">
              <value>
                <![CDATA[shopfloor1*1]]>
              </value>
            </param>
          </params>
          <reporter-output>
          </reporter-output>
        </test-method> <!-- LoginTest -->
        <test-method status="PASS" signature="tearDown()[pri:0, instance:com.qa.shopfloor.test.SPLoginPageTest@6ea12c19]" name="tearDown" is-config="true" duration-ms="2817" started-at="2019-09-25T19:18:19Z" finished-at="2019-09-25T19:18:22Z">
          <reporter-output>
          </reporter-output>
        </test-method> <!-- tearDown -->
        <test-method status="PASS" signature="setUp()[pri:0, instance:com.qa.shopfloor.test.SPLoginPageTest@6ea12c19]" name="setUp" is-config="true" duration-ms="4600" started-at="2019-09-25T19:18:22Z" finished-at="2019-09-25T19:18:27Z">
          <reporter-output>
          </reporter-output>
        </test-method> <!-- setUp -->
        <test-method status="PASS" signature="LoginTest(java.lang.String, java.lang.String, java.lang.String)[pri:1, instance:com.qa.shopfloor.test.SPLoginPageTest@6ea12c19]" name="LoginTest" duration-ms="8470" started-at="2019-09-25T19:18:27Z" data-provider="SPLoginData" finished-at="2019-09-25T19:18:35Z">
          <params>
            <param index="0">
              <value>
                <![CDATA[http://shopfloorrc.vsmidnight.com]]>
              </value>
            </param>
            <param index="1">
              <value>
                <![CDATA[shopfloor1]]>
              </value>
            </param>
            <param index="2">
              <value>
                <![CDATA[shopfloor1*1]]>
              </value>
            </param>
          </params>
          <reporter-output>
          </reporter-output>
        </test-method> <!-- LoginTest -->
        <test-method status="PASS" signature="tearDown()[pri:0, instance:com.qa.shopfloor.test.SPLoginPageTest@6ea12c19]" name="tearDown" is-config="true" duration-ms="924" started-at="2019-09-25T19:18:35Z" finished-at="2019-09-25T19:18:36Z">
          <reporter-output>
          </reporter-output>
        </test-method> <!-- tearDown -->
      </class> <!-- com.qa.shopfloor.test.SPLoginPageTest -->
    </test> <!-- Default test -->
  </suite> <!-- Default suite -->
</testng-results>
