<?xml version="1.0" encoding="UTF-8"?>
<testng-results skipped="0" failed="0" total="2" passed="2">
  <reporter-output>
  </reporter-output>
  <suite name="Default suite" duration-ms="35205" started-at="2019-09-25T13:33:47Z" finished-at="2019-09-25T13:34:23Z">
    <groups>
    </groups>
    <test name="Default test" duration-ms="35205" started-at="2019-09-25T13:33:47Z" finished-at="2019-09-25T13:34:23Z">
      <class name="com.qa.shopfloor.test.SPLoginPageTest">
        <test-method status="PASS" signature="setUp()[pri:0, instance:com.qa.shopfloor.test.SPLoginPageTest@6ea12c19]" name="setUp" is-config="true" duration-ms="5006" started-at="2019-09-25T19:03:48Z" finished-at="2019-09-25T19:03:53Z">
          <reporter-output>
          </reporter-output>
        </test-method> <!-- setUp -->
        <test-method status="PASS" signature="LoginTest(java.lang.String, java.lang.String, java.lang.String)[pri:1, instance:com.qa.shopfloor.test.SPLoginPageTest@6ea12c19]" name="LoginTest" duration-ms="12142" started-at="2019-09-25T19:03:53Z" data-provider="SPLoginData" finished-at="2019-09-25T19:04:05Z">
          <params>
            <param index="0">
              <value>
                <![CDATA[http://shopfloorqa.vsmidnight.com]]>
              </value>
            </param>
            <param index="1">
              <value>
                <![CDATA[vsuser]]>
              </value>
            </param>
            <param index="2">
              <value>
                <![CDATA[Govirtual~1]]>
              </value>
            </param>
          </params>
          <reporter-output>
          </reporter-output>
        </test-method> <!-- LoginTest -->
        <test-method status="PASS" signature="tearDown()[pri:0, instance:com.qa.shopfloor.test.SPLoginPageTest@6ea12c19]" name="tearDown" is-config="true" duration-ms="1551" started-at="2019-09-25T19:04:05Z" finished-at="2019-09-25T19:04:07Z">
          <reporter-output>
          </reporter-output>
        </test-method> <!-- tearDown -->
        <test-method status="PASS" signature="setUp()[pri:0, instance:com.qa.shopfloor.test.SPLoginPageTest@6ea12c19]" name="setUp" is-config="true" duration-ms="3412" started-at="2019-09-25T19:04:07Z" finished-at="2019-09-25T19:04:10Z">
          <reporter-output>
          </reporter-output>
        </test-method> <!-- setUp -->
        <test-method status="PASS" signature="LoginTest(java.lang.String, java.lang.String, java.lang.String)[pri:1, instance:com.qa.shopfloor.test.SPLoginPageTest@6ea12c19]" name="LoginTest" duration-ms="11542" started-at="2019-09-25T19:04:10Z" data-provider="SPLoginData" finished-at="2019-09-25T19:04:22Z">
          <params>
            <param index="0">
              <value>
                <![CDATA[http://shopfloorrc.vsmidnight.com]]>
              </value>
            </param>
            <param index="1">
              <value>
                <![CDATA[vsuser]]>
              </value>
            </param>
            <param index="2">
              <value>
                <![CDATA[Govirtual~1]]>
              </value>
            </param>
          </params>
          <reporter-output>
          </reporter-output>
        </test-method> <!-- LoginTest -->
        <test-method status="PASS" signature="tearDown()[pri:0, instance:com.qa.shopfloor.test.SPLoginPageTest@6ea12c19]" name="tearDown" is-config="true" duration-ms="934" started-at="2019-09-25T19:04:22Z" finished-at="2019-09-25T19:04:23Z">
          <reporter-output>
          </reporter-output>
        </test-method> <!-- tearDown -->
      </class> <!-- com.qa.shopfloor.test.SPLoginPageTest -->
    </test> <!-- Default test -->
  </suite> <!-- Default suite -->
</testng-results>
