<?xml version="1.0" encoding="UTF-8"?>
<!-- Generated by org.testng.reporters.JUnitXMLReporter -->
<testsuite hostname="IITC-WS-QA02" name="PO Record Filter" tests="1" failures="1" timestamp="4 Mar 2019 14:31:47 GMT" time="0.0" errors="0">
  <testcase name="POFilter" time="0.0" classname="smokeTestCasesPO.TC03_POFilter">
    <failure type="java.lang.NullPointerException">
      <![CDATA[java.lang.NullPointerException
	at pageObjLibrary.PurchaseOrder.PORecordFilter(PurchaseOrder.java:71)
	at smokeTestCasesPO.TC03_POFilter.POFilter(TC03_POFilter.java:23)
... Removed 24 stack frames]]>
    </failure>
  </testcase> <!-- POFilter -->
</testsuite> <!-- PO Record Filter -->
