<?xml version="1.0" encoding="UTF-8"?>
<!-- Generated by org.testng.reporters.JUnitXMLReporter -->
<testsuite hostname="IITC-WS-QA02" name="Test" tests="14" failures="0" timestamp="30 Nov 2017 14:44:42 GMT" time="578.161" errors="0">
  <testcase name="login_page" time="4.86" classname="testCases.TC01_Login"/>
  <testcase name="estimatewithoutcustomer" time="20.56" classname="testCases.TC02_estimate_without_customer"/>
  <testcase name="estimatewithoutcservices" time="37.978" classname="testCases.TC03_estimate_without_services"/>
  <testcase name="estimatewithservice" time="52.336" classname="testCases.TC04_estimate_with_services"/>
  <testcase name="estimatewithservice" time="28.511" classname="testCases.TC05_estimate_taxcalculation"/>
  <testcase name="addWizardService" time="12.65" classname="testCases.TC06_estimate_with_wizardservices"/>
  <testcase name="addswf" time="34.079" classname="testCases.TC07_estimate_with_swfservices"/>
  <testcase name="addawf" time="42.39" classname="testCases.TC08_estimate_with_awfservices"/>
  <testcase name="addcontractTemplate" time="105.03" classname="testCases.TC09_estimate_contracttemplate"/>
  <testcase name="OrderExport" time="65.854" classname="testCases.TC10_estimate_exportorder"/>
  <testcase name="estimateCopy" time="29.538" classname="testCases.TC11_estimate_copy"/>
  <testcase name="attachments" time="43.331" classname="testCases.TC12_estimate_attachments"/>
  <testcase name="estimateDeletion" time="14.366" classname="testCases.TC13_estimate_DeleteEstimate"/>
  <testcase name="MQ" time="80.664" classname="testCases.TC14_estimate_multipleqty"/>
</testsuite> <!-- Test -->
