<?xml version="1.0" encoding="UTF-8"?>
<!-- Generated by org.testng.reporters.JUnitXMLReporter -->
<testsuite hostname="IITC-WS-QA02" name="Create Print Calculator" tests="3" failures="0" timestamp="18 Dec 2017 13:20:48 GMT" time="122.954" errors="0">
  <testcase name="createNewEstimate" time="53.14" classname="testCasesPrintCalculator.TC02_PrintCalculator"/>
  <testcase name="printCalculatorAdd" time="61.412" classname="testCasesPrintCalculator.TC02_PrintCalculator"/>
  <testcase name="cutcost" time="8.393" classname="testCasesPrintCalculator.TC02_PrintCalculator"/>
</testsuite> <!-- Create Print Calculator -->
